Base path: K:/Program Files -x86-/Unity/Editor/Data
Pipe name: \\.\pipe\UnityShaderCompiler-1-6052
Cmd: getPlatforms
Cmd: preprocess
  insize=764 outsize=764 ok=1
Cmd: preprocess
  insize=1014 outsize=223 ok=1
Cmd: compileSnippet
  api=4 type=0 insize=1054 outsize=1071 kw= ok=1
Cmd: compileSnippet
  api=4 type=1 insize=1054 outsize=1973 kw= ok=1
Cmd: preprocess
  insize=1277 outsize=2152 ok=1
Cmd: compileSnippet
  api=4 type=0 insize=5208 outsize=6726 kw=DIRECTIONAL SHADOWS_OFF LIGHTMAP_OFF DIRLIGHTMAP_OFF ok=1
Cmd: compileSnippet
  api=4 type=1 insize=5208 outsize=2923 kw=DIRECTIONAL SHADOWS_OFF LIGHTMAP_OFF DIRLIGHTMAP_OFF ok=1
Cmd: compileSnippet
  api=4 type=0 insize=2869 outsize=6360 kw=POINT ok=1
Cmd: compileSnippet
  api=4 type=1 insize=2869 outsize=3216 kw=POINT ok=1
Cmd: compileSnippet
  api=4 type=0 insize=2702 outsize=5507 kw= ok=1
Cmd: compileSnippet
  api=4 type=1 insize=2702 outsize=1550 kw= ok=1
Cmd: compileSnippet
  api=4 type=0 insize=4684 outsize=5475 kw=LIGHTMAP_OFF DIRLIGHTMAP_OFF HDR_LIGHT_PREPASS_OFF ok=1
Cmd: compileSnippet
  api=4 type=1 insize=4684 outsize=1762 kw=LIGHTMAP_OFF DIRLIGHTMAP_OFF HDR_LIGHT_PREPASS_OFF ok=1
Cmd: compileSnippet
  api=4 type=0 insize=2015 outsize=3744 kw=SHADOWS_DEPTH ok=1
Cmd: compileSnippet
  api=4 type=1 insize=2015 outsize=437 kw=SHADOWS_DEPTH ok=1
Cmd: preprocess
  insize=6341 outsize=2728 ok=1
Cmd: compileSnippet
  api=4 type=0 insize=7168 outsize=4776 kw=DIRECTIONAL LIGHTMAP_OFF DIRLIGHTMAP_OFF ok=1
Cmd: compileSnippet
  api=4 type=1 insize=7168 outsize=4037 kw=DIRECTIONAL LIGHTMAP_OFF DIRLIGHTMAP_OFF ok=1
Cmd: compileSnippet
  api=4 type=0 insize=4965 outsize=4427 kw=POINT ok=1
Cmd: compileSnippet
  api=4 type=1 insize=4965 outsize=4362 kw=POINT ok=1
Cmd: compileSnippet
  api=4 type=0 insize=6856 outsize=4532 kw=DIRECTIONAL LIGHTMAP_OFF DIRLIGHTMAP_OFF ok=1
Cmd: compileSnippet
  api=4 type=1 insize=6856 outsize=3850 kw=DIRECTIONAL LIGHTMAP_OFF DIRLIGHTMAP_OFF ok=1
Cmd: compileSnippet
  api=4 type=0 insize=4652 outsize=4183 kw=POINT ok=1
Cmd: compileSnippet
  api=4 type=1 insize=4652 outsize=4175 kw=POINT ok=1
Cmd: preprocess
  insize=860 outsize=1517 ok=1
Cmd: compileSnippet
  api=4 type=0 insize=4966 outsize=3094 kw=DIRECTIONAL SHADOWS_OFF LIGHTMAP_OFF DIRLIGHTMAP_OFF ok=1
Cmd: compileSnippet
  api=4 type=1 insize=4966 outsize=2412 kw=DIRECTIONAL SHADOWS_OFF LIGHTMAP_OFF DIRLIGHTMAP_OFF ok=1
Cmd: compileSnippet
  api=4 type=0 insize=2576 outsize=3053 kw=POINT ok=1
Cmd: compileSnippet
  api=4 type=1 insize=2576 outsize=2728 kw=POINT ok=1
Cmd: compileSnippet
  api=4 type=0 insize=2084 outsize=1697 kw= ok=1
Cmd: compileSnippet
  api=4 type=1 insize=2084 outsize=1071 kw= ok=1
Cmd: compileSnippet
  api=4 type=0 insize=4389 outsize=2883 kw=LIGHTMAP_OFF DIRLIGHTMAP_OFF HDR_LIGHT_PREPASS_OFF ok=1
Cmd: compileSnippet
  api=4 type=1 insize=4389 outsize=1672 kw=LIGHTMAP_OFF DIRLIGHTMAP_OFF HDR_LIGHT_PREPASS_OFF ok=1
Cmd: preprocess
  insize=785 outsize=1108 ok=1
Cmd: compileSnippet
  api=4 type=0 insize=4899 outsize=3094 kw=DIRECTIONAL LIGHTMAP_OFF DIRLIGHTMAP_OFF ok=1
Cmd: compileSnippet
  api=4 type=1 insize=4899 outsize=2257 kw=DIRECTIONAL LIGHTMAP_OFF DIRLIGHTMAP_OFF ok=1
Cmd: compileSnippet
  api=4 type=0 insize=2504 outsize=3053 kw=POINT ok=1
Cmd: compileSnippet
  api=4 type=1 insize=2504 outsize=2574 kw=POINT ok=1
Cmd: preprocess
  insize=2524 outsize=1519 ok=1
Cmd: compileSnippet
  api=4 type=0 insize=6098 outsize=3281 kw=DIRECTIONAL LIGHTMAP_OFF DIRLIGHTMAP_OFF ok=1
Cmd: compileSnippet
  api=4 type=1 insize=6098 outsize=1851 kw=DIRECTIONAL LIGHTMAP_OFF DIRLIGHTMAP_OFF ok=1
Cmd: compileSnippet
  api=4 type=0 insize=4019 outsize=3240 kw=POINT ok=1
Cmd: compileSnippet
  api=4 type=1 insize=4019 outsize=2208 kw=POINT ok=1
Cmd: preprocess
  insize=714 outsize=1317 ok=1
Cmd: compileSnippet
  api=4 type=0 insize=4480 outsize=2720 kw=DIRECTIONAL SHADOWS_OFF LIGHTMAP_OFF DIRLIGHTMAP_OFF ok=1
Cmd: compileSnippet
  api=4 type=1 insize=4480 outsize=1534 kw=DIRECTIONAL SHADOWS_OFF LIGHTMAP_OFF DIRLIGHTMAP_OFF ok=1
Cmd: compileSnippet
  api=4 type=0 insize=2384 outsize=2875 kw=POINT ok=1
Cmd: compileSnippet
  api=4 type=1 insize=2384 outsize=1607 kw=POINT ok=1
Cmd: compileSnippet
  api=4 type=0 insize=1912 outsize=1477 kw= ok=1
Cmd: compileSnippet
  api=4 type=1 insize=1912 outsize=632 kw= ok=1
Cmd: compileSnippet
  api=4 type=0 insize=4232 outsize=2997 kw=LIGHTMAP_OFF DIRLIGHTMAP_OFF HDR_LIGHT_PREPASS_OFF ok=1
Cmd: compileSnippet
  api=4 type=1 insize=4232 outsize=1477 kw=LIGHTMAP_OFF DIRLIGHTMAP_OFF HDR_LIGHT_PREPASS_OFF ok=1
Cmd: preprocess
  insize=929 outsize=281 ok=1
Cmd: compileSnippet
  api=4 type=0 insize=915 outsize=1274 kw= ok=1
Cmd: compileSnippet
  api=4 type=1 insize=915 outsize=754 kw= ok=1
Cmd: preprocess
  insize=3010 outsize=1647 ok=1
Cmd: compileSnippet
  api=4 type=0 insize=6481 outsize=4321 kw=DIRECTIONAL LIGHTMAP_OFF DIRLIGHTMAP_OFF ok=1
Cmd: compileSnippet
  api=4 type=1 insize=6481 outsize=3053 kw=DIRECTIONAL LIGHTMAP_OFF DIRLIGHTMAP_OFF ok=1
Cmd: compileSnippet
  api=4 type=0 insize=4301 outsize=3972 kw=POINT ok=1
Cmd: compileSnippet
  api=4 type=1 insize=4301 outsize=3378 kw=POINT ok=1
Cmd: preprocess
  insize=799 outsize=1443 ok=1
Cmd: compileSnippet
  api=4 type=0 insize=4547 outsize=3387 kw=DIRECTIONAL SHADOWS_OFF LIGHTMAP_OFF DIRLIGHTMAP_OFF ok=1
Cmd: compileSnippet
  api=4 type=1 insize=4547 outsize=1916 kw=DIRECTIONAL SHADOWS_OFF LIGHTMAP_OFF DIRLIGHTMAP_OFF ok=1
Cmd: compileSnippet
  api=4 type=0 insize=2472 outsize=3037 kw=POINT ok=1
Cmd: compileSnippet
  api=4 type=1 insize=2472 outsize=2184 kw=POINT ok=1
Cmd: compileSnippet
  api=4 type=0 insize=2580 outsize=3005 kw= ok=1
Cmd: compileSnippet
  api=4 type=1 insize=2580 outsize=1851 kw= ok=1
Cmd: compileSnippet
  api=4 type=0 insize=4254 outsize=2972 kw=LIGHTMAP_OFF DIRLIGHTMAP_OFF HDR_LIGHT_PREPASS_OFF ok=1
Cmd: compileSnippet
  api=4 type=1 insize=4254 outsize=1428 kw=LIGHTMAP_OFF DIRLIGHTMAP_OFF HDR_LIGHT_PREPASS_OFF ok=1
Cmd: preprocess
  insize=1043 outsize=1567 ok=1
Cmd: compileSnippet
  api=4 type=0 insize=5113 outsize=4069 kw=DIRECTIONAL SHADOWS_OFF LIGHTMAP_OFF DIRLIGHTMAP_OFF ok=1
Cmd: compileSnippet
  api=4 type=1 insize=5113 outsize=2802 kw=DIRECTIONAL SHADOWS_OFF LIGHTMAP_OFF DIRLIGHTMAP_OFF ok=1
Cmd: compileSnippet
  api=4 type=0 insize=2786 outsize=3720 kw=POINT ok=1
Cmd: compileSnippet
  api=4 type=1 insize=2786 outsize=3127 kw=POINT ok=1
Cmd: compileSnippet
  api=4 type=0 insize=2699 outsize=3005 kw= ok=1
Cmd: compileSnippet
  api=4 type=1 insize=2699 outsize=1859 kw= ok=1
Cmd: compileSnippet
  api=4 type=0 insize=4597 outsize=2972 kw=LIGHTMAP_OFF DIRLIGHTMAP_OFF HDR_LIGHT_PREPASS_OFF ok=1
Cmd: compileSnippet
  api=4 type=1 insize=4597 outsize=1672 kw=LIGHTMAP_OFF DIRLIGHTMAP_OFF HDR_LIGHT_PREPASS_OFF ok=1
Cmd: preprocess
  insize=974 outsize=371 ok=1
Cmd: compileSnippet
  api=4 type=0 insize=867 outsize=990 kw= ok=1
Cmd: compileSnippet
  api=4 type=1 insize=867 outsize=852 kw= ok=1
Cmd: preprocess
  insize=4969 outsize=2039 ok=1
Cmd: compileSnippet
  api=4 type=0 insize=8483 outsize=5296 kw=DIRECTIONAL LIGHTMAP_OFF DIRLIGHTMAP_OFF ok=1
Cmd: compileSnippet
  api=4 type=1 insize=8483 outsize=5044 kw=DIRECTIONAL LIGHTMAP_OFF DIRLIGHTMAP_OFF ok=1
Cmd: compileSnippet
  api=4 type=0 insize=6197 outsize=4947 kw=POINT ok=1
Cmd: compileSnippet
  api=4 type=1 insize=6197 outsize=5369 kw=POINT ok=1
Cmd: preprocess
  insize=2109 outsize=1024 ok=1
Cmd: compileSnippet
  api=4 type=0 insize=929 outsize=990 kw= ok=1
Cmd: compileSnippet
  api=4 type=1 insize=929 outsize=852 kw= ok=1
Cmd: compileSnippet
  api=4 type=0 insize=927 outsize=990 kw= ok=1
Cmd: compileSnippet
  api=4 type=1 insize=927 outsize=852 kw= ok=1
Cmd: compileSnippet
  api=4 type=0 insize=928 outsize=990 kw= ok=1
Cmd: compileSnippet
  api=4 type=1 insize=928 outsize=852 kw= ok=1
Cmd: compileSnippet
  api=4 type=0 insize=930 outsize=990 kw= ok=1
Cmd: compileSnippet
  api=4 type=1 insize=930 outsize=852 kw= ok=1
Cmd: compileSnippet
  api=4 type=0 insize=924 outsize=990 kw= ok=1
Cmd: compileSnippet
  api=4 type=1 insize=924 outsize=852 kw= ok=1
Cmd: compileSnippet
  api=4 type=0 insize=928 outsize=990 kw= ok=1
Cmd: compileSnippet
  api=4 type=1 insize=928 outsize=852 kw= ok=1
Cmd: preprocess
  insize=933 outsize=1155 ok=1
Cmd: compileSnippet
  api=4 type=0 insize=4980 outsize=4069 kw=DIRECTIONAL LIGHTMAP_OFF DIRLIGHTMAP_OFF ok=1
Cmd: compileSnippet
  api=4 type=1 insize=4980 outsize=2647 kw=DIRECTIONAL LIGHTMAP_OFF DIRLIGHTMAP_OFF ok=1
Cmd: compileSnippet
  api=4 type=0 insize=2648 outsize=3720 kw=POINT ok=1
Cmd: compileSnippet
  api=4 type=1 insize=2648 outsize=2972 kw=POINT ok=1
Cmd: preprocess
  insize=751 outsize=261 ok=1
Cmd: compileSnippet
  api=4 type=0 insize=759 outsize=990 kw= ok=1
Cmd: compileSnippet
  api=4 type=1 insize=759 outsize=600 kw= ok=1
Cmd: preprocess
  insize=1531 outsize=1927 ok=1
Cmd: compileSnippet
  api=4 type=0 insize=5198 outsize=8164 kw=DIRECTIONAL SHADOWS_OFF LIGHTMAP_OFF DIRLIGHTMAP_OFF ok=1
Cmd: compileSnippet
  api=4 type=1 insize=5198 outsize=3687 kw=DIRECTIONAL SHADOWS_OFF LIGHTMAP_OFF DIRLIGHTMAP_OFF ok=1
Cmd: compileSnippet
  api=4 type=0 insize=3066 outsize=7798 kw=POINT ok=1
Cmd: compileSnippet
  api=4 type=1 insize=3066 outsize=4012 kw=POINT ok=1
Cmd: compileSnippet
  api=4 type=0 insize=2345 outsize=4825 kw=SHADOWS_DEPTH ok=1
Cmd: compileSnippet
  api=4 type=1 insize=2345 outsize=868 kw=SHADOWS_DEPTH ok=1
Cmd: preprocess
  insize=1717 outsize=975 ok=1
Cmd: compileSnippet
  api=4 type=0 insize=547 outsize=4093 kw= ok=1
Cmd: compileSnippet
  api=4 type=1 insize=547 outsize=852 kw= ok=1
Cmd: compileSnippet
  api=4 type=0 insize=791 outsize=2022 kw=SHADOWS_DEPTH ok=1
Cmd: compileSnippet
  api=4 type=1 insize=791 outsize=437 kw=SHADOWS_DEPTH ok=1
Cmd: preprocess
  insize=1760 outsize=489 ok=1
Cmd: compileSnippet
  api=4 type=0 insize=1517 outsize=1274 kw=SOFTPARTICLES_OFF ok=1
Cmd: compileSnippet
  api=4 type=1 insize=1517 outsize=852 kw=SOFTPARTICLES_OFF ok=1
Cmd: preprocess
  insize=671 outsize=671 ok=1
Cmd: preprocess
  insize=1737 outsize=461 ok=1
Cmd: compileSnippet
  api=4 type=0 insize=1523 outsize=1274 kw=SOFTPARTICLES_OFF ok=1
Cmd: compileSnippet
  api=4 type=1 insize=1523 outsize=949 kw=SOFTPARTICLES_OFF ok=1
Cmd: preprocess
  insize=621 outsize=1267 ok=1
Cmd: compileSnippet
  api=4 type=0 insize=4406 outsize=2696 kw=DIRECTIONAL SHADOWS_OFF LIGHTMAP_OFF DIRLIGHTMAP_OFF ok=1
Cmd: compileSnippet
  api=4 type=1 insize=4406 outsize=1550 kw=DIRECTIONAL SHADOWS_OFF LIGHTMAP_OFF DIRLIGHTMAP_OFF ok=1
Cmd: compileSnippet
  api=4 type=0 insize=2445 outsize=2964 kw=POINT ok=1
Cmd: compileSnippet
  api=4 type=1 insize=2445 outsize=1851 kw=POINT ok=1
Cmd: compileSnippet
  api=4 type=0 insize=1869 outsize=1477 kw= ok=1
Cmd: compileSnippet
  api=4 type=1 insize=1869 outsize=632 kw= ok=1
Cmd: compileSnippet
  api=4 type=0 insize=4158 outsize=2972 kw=LIGHTMAP_OFF DIRLIGHTMAP_OFF HDR_LIGHT_PREPASS_OFF ok=1
Cmd: compileSnippet
  api=4 type=1 insize=4158 outsize=1493 kw=LIGHTMAP_OFF DIRLIGHTMAP_OFF HDR_LIGHT_PREPASS_OFF ok=1
Cmd: preprocess
  insize=1741 outsize=919 ok=1
Cmd: compileSnippet
  api=4 type=0 insize=1081 outsize=1250 kw=DUMMY ok=1
Cmd: compileSnippet
  api=4 type=1 insize=1081 outsize=949 kw=DUMMY ok=1
Cmd: preprocess
  insize=2114 outsize=951 ok=1
Cmd: compileSnippet
  api=4 type=0 insize=1414 outsize=1575 kw= ok=1
Cmd: compileSnippet
  api=4 type=1 insize=1414 outsize=1477 kw= ok=1
Cmd: preprocess
  insize=1396 outsize=590 ok=1
Cmd: compileSnippet
  api=4 type=0 insize=1065 outsize=1250 kw=DUMMY ok=1
Cmd: compileSnippet
  api=4 type=1 insize=1065 outsize=852 kw=DUMMY ok=1
Cmd: preprocess
  insize=1543 outsize=1541 ok=1
Cmd: compileSnippet
  api=4 type=0 insize=6221 outsize=5767 kw=DIRECTIONAL SHADOWS_OFF LIGHTMAP_OFF DIRLIGHTMAP_OFF ok=1
Cmd: compileSnippet
  api=4 type=1 insize=6221 outsize=3395 kw=DIRECTIONAL SHADOWS_OFF LIGHTMAP_OFF DIRLIGHTMAP_OFF ok=1
Cmd: compileSnippet
  api=4 type=0 insize=3220 outsize=3720 kw=POINT ok=1
Cmd: compileSnippet
  api=4 type=1 insize=3220 outsize=2720 kw=POINT ok=1
Cmd: compileSnippet
  api=4 type=0 insize=3149 outsize=3598 kw= ok=1
Cmd: compileSnippet
  api=4 type=1 insize=3149 outsize=2257 kw= ok=1
Cmd: compileSnippet
  api=4 type=0 insize=5781 outsize=5540 kw=LIGHTMAP_OFF DIRLIGHTMAP_OFF HDR_LIGHT_PREPASS_OFF ok=1
Cmd: compileSnippet
  api=4 type=1 insize=5781 outsize=3435 kw=LIGHTMAP_OFF DIRLIGHTMAP_OFF HDR_LIGHT_PREPASS_OFF ok=1
Cmd: preprocess
  insize=1927 outsize=553 ok=1
Cmd: compileSnippet
  api=4 type=0 insize=1618 outsize=1274 kw=SOFTPARTICLES_OFF ok=1
Cmd: compileSnippet
  api=4 type=1 insize=1618 outsize=1095 kw=SOFTPARTICLES_OFF ok=1
Cmd: preprocess
  insize=5521 outsize=2618 ok=1
Cmd: compileSnippet
  api=4 type=0 insize=5227 outsize=8164 kw=DIRECTIONAL SHADOWS_OFF LIGHTMAP_OFF DIRLIGHTMAP_OFF ok=1
Cmd: compileSnippet
  api=4 type=1 insize=5227 outsize=3614 kw=DIRECTIONAL SHADOWS_OFF LIGHTMAP_OFF DIRLIGHTMAP_OFF ok=1
Cmd: compileSnippet
  api=4 type=0 insize=3095 outsize=7798 kw=POINT ok=1
Cmd: compileSnippet
  api=4 type=1 insize=3095 outsize=3939 kw=POINT ok=1
Cmd: compileSnippet
  api=4 type=0 insize=1153 outsize=4825 kw=SHADOWS_DEPTH ok=1
Cmd: compileSnippet
  api=4 type=1 insize=1153 outsize=868 kw=SHADOWS_DEPTH ok=1
Cmd: preprocess
  insize=3125 outsize=716 ok=1
Cmd: compileSnippet
  api=4 type=0 insize=2640 outsize=2867 kw=DIRECTIONAL SHADOWS_OFF LIGHTMAP_OFF DIRLIGHTMAP_OFF ok=1
Cmd: compileSnippet
  api=4 type=1 insize=2640 outsize=835 kw=DIRECTIONAL SHADOWS_OFF LIGHTMAP_OFF DIRLIGHTMAP_OFF ok=1
Cmd: preprocess
  insize=2050 outsize=581 ok=1
Cmd: compileSnippet
  api=4 type=0 insize=1702 outsize=3590 kw= ok=1
Cmd: compileSnippet
  api=4 type=1 insize=1702 outsize=2355 kw= ok=1
Cmd: preprocess
  insize=3722 outsize=2690 ok=1
Cmd: compileSnippet
  api=4 type=0 insize=784 outsize=1477 kw=SHADOWS_DEPTH ok=1
Cmd: compileSnippet
  api=4 type=1 insize=784 outsize=892 kw=SHADOWS_DEPTH ok=1
Cmd: preprocess
  insize=2900 outsize=354 ok=1
Cmd: preprocess
  insize=1133 outsize=1133 ok=1
Cmd: preprocess
  insize=1306 outsize=1266 ok=1
Cmd: compileSnippet
  api=4 type=0 insize=5170 outsize=4069 kw=DIRECTIONAL LIGHTMAP_OFF DIRLIGHTMAP_OFF ok=1
Cmd: compileSnippet
  api=4 type=1 insize=5170 outsize=3151 kw=DIRECTIONAL LIGHTMAP_OFF DIRLIGHTMAP_OFF ok=1
Cmd: compileSnippet
  api=4 type=0 insize=2967 outsize=3720 kw=POINT ok=1
Cmd: compileSnippet
  api=4 type=1 insize=2967 outsize=3476 kw=POINT ok=1
Cmd: preprocess
  insize=2922 outsize=1910 ok=1
Cmd: compileSnippet
  api=4 type=0 insize=597 outsize=4126 kw= ok=1
Cmd: compileSnippet
  api=4 type=1 insize=597 outsize=1038 kw= ok=1
Cmd: compileSnippet
  api=4 type=0 insize=1001 outsize=2249 kw=SHADOWS_DEPTH ok=1
Cmd: compileSnippet
  api=4 type=1 insize=1001 outsize=868 kw=SHADOWS_DEPTH ok=1
Cmd: preprocess
  insize=673 outsize=1262 ok=1
Cmd: compileSnippet
  api=4 type=0 insize=4468 outsize=2696 kw=DIRECTIONAL SHADOWS_OFF LIGHTMAP_OFF DIRLIGHTMAP_OFF ok=1
Cmd: compileSnippet
  api=4 type=1 insize=4468 outsize=1575 kw=DIRECTIONAL SHADOWS_OFF LIGHTMAP_OFF DIRLIGHTMAP_OFF ok=1
Cmd: compileSnippet
  api=4 type=0 insize=2507 outsize=2964 kw=POINT ok=1
Cmd: compileSnippet
  api=4 type=1 insize=2507 outsize=1875 kw=POINT ok=1
Cmd: compileSnippet
  api=4 type=0 insize=1925 outsize=1477 kw= ok=1
Cmd: compileSnippet
  api=4 type=1 insize=1925 outsize=632 kw= ok=1
Cmd: compileSnippet
  api=4 type=0 insize=4220 outsize=2972 kw=LIGHTMAP_OFF DIRLIGHTMAP_OFF HDR_LIGHT_PREPASS_OFF ok=1
Cmd: compileSnippet
  api=4 type=1 insize=4220 outsize=1518 kw=LIGHTMAP_OFF DIRLIGHTMAP_OFF HDR_LIGHT_PREPASS_OFF ok=1
Cmd: preprocess
  insize=1061 outsize=1141 ok=1
Cmd: compileSnippet
  api=4 type=0 insize=4893 outsize=4069 kw=DIRECTIONAL LIGHTMAP_OFF DIRLIGHTMAP_OFF ok=1
Cmd: compileSnippet
  api=4 type=1 insize=4893 outsize=2452 kw=DIRECTIONAL LIGHTMAP_OFF DIRLIGHTMAP_OFF ok=1
Cmd: compileSnippet
  api=4 type=0 insize=2783 outsize=3720 kw=POINT ok=1
Cmd: compileSnippet
  api=4 type=1 insize=2783 outsize=2720 kw=POINT ok=1
Cmd: preprocess
  insize=1483 outsize=1618 ok=1
Cmd: compileSnippet
  api=4 type=0 insize=5793 outsize=4483 kw=DIRECTIONAL SHADOWS_OFF LIGHTMAP_OFF DIRLIGHTMAP_OFF ok=1
Cmd: compileSnippet
  api=4 type=1 insize=5793 outsize=3541 kw=DIRECTIONAL SHADOWS_OFF LIGHTMAP_OFF DIRLIGHTMAP_OFF ok=1
Cmd: compileSnippet
  api=4 type=0 insize=3271 outsize=3972 kw=POINT ok=1
Cmd: compileSnippet
  api=4 type=1 insize=3271 outsize=3565 kw=POINT ok=1
Cmd: compileSnippet
  api=4 type=0 insize=2981 outsize=3005 kw= ok=1
Cmd: compileSnippet
  api=4 type=1 insize=2981 outsize=1794 kw= ok=1
Cmd: compileSnippet
  api=4 type=0 insize=5270 outsize=3387 kw=LIGHTMAP_OFF DIRLIGHTMAP_OFF HDR_LIGHT_PREPASS_OFF ok=1
Cmd: compileSnippet
  api=4 type=1 insize=5270 outsize=2290 kw=LIGHTMAP_OFF DIRLIGHTMAP_OFF HDR_LIGHT_PREPASS_OFF ok=1
Cmd: preprocess
  insize=725 outsize=1347 ok=1
Cmd: compileSnippet
  api=4 type=0 insize=4450 outsize=2696 kw=DIRECTIONAL SHADOWS_OFF LIGHTMAP_OFF DIRLIGHTMAP_OFF ok=1
Cmd: compileSnippet
  api=4 type=1 insize=4450 outsize=1510 kw=DIRECTIONAL SHADOWS_OFF LIGHTMAP_OFF DIRLIGHTMAP_OFF ok=1
Cmd: compileSnippet
  api=4 type=0 insize=2365 outsize=2875 kw=POINT ok=1
Cmd: compileSnippet
  api=4 type=1 insize=2365 outsize=1607 kw=POINT ok=1
Cmd: compileSnippet
  api=4 type=0 insize=1893 outsize=1477 kw= ok=1
Cmd: compileSnippet
  api=4 type=1 insize=1893 outsize=632 kw= ok=1
Cmd: compileSnippet
  api=4 type=0 insize=4202 outsize=2972 kw=LIGHTMAP_OFF DIRLIGHTMAP_OFF HDR_LIGHT_PREPASS_OFF ok=1
Cmd: compileSnippet
  api=4 type=1 insize=4202 outsize=1453 kw=LIGHTMAP_OFF DIRLIGHTMAP_OFF HDR_LIGHT_PREPASS_OFF ok=1
Cmd: preprocess
  insize=1353 outsize=383 ok=1
Cmd: compileSnippet
  api=4 type=0 insize=1229 outsize=1989 kw= ok=1
Cmd: compileSnippet
  api=4 type=1 insize=1229 outsize=1055 kw= ok=1
Cmd: preprocess
  insize=1509 outsize=798 ok=1
Cmd: compileSnippet
  api=4 type=0 insize=976 outsize=1274 kw= ok=1
Cmd: compileSnippet
  api=4 type=1 insize=976 outsize=949 kw= ok=1
Cmd: preprocess
  insize=1054 outsize=397 ok=1
Cmd: compileSnippet
  api=4 type=0 insize=928 outsize=1274 kw= ok=1
Cmd: compileSnippet
  api=4 type=1 insize=928 outsize=795 kw= ok=1
Cmd: preprocess
  insize=3929 outsize=1861 ok=1
Cmd: compileSnippet
  api=4 type=0 insize=7319 outsize=4613 kw=DIRECTIONAL LIGHTMAP_OFF DIRLIGHTMAP_OFF ok=1
Cmd: compileSnippet
  api=4 type=1 insize=7319 outsize=3931 kw=DIRECTIONAL LIGHTMAP_OFF DIRLIGHTMAP_OFF ok=1
Cmd: compileSnippet
  api=4 type=0 insize=5107 outsize=4264 kw=POINT ok=1
Cmd: compileSnippet
  api=4 type=1 insize=5107 outsize=4256 kw=POINT ok=1
Cmd: preprocess
  insize=2517 outsize=1074 ok=1
Cmd: compileSnippet
  api=4 type=0 insize=1683 outsize=3508 kw= ok=1
Cmd: compileSnippet
  api=4 type=1 insize=1683 outsize=2298 kw= ok=1
Cmd: preprocess
  insize=1207 outsize=1501 ok=1
Cmd: compileSnippet
  api=4 type=0 insize=5116 outsize=4069 kw=DIRECTIONAL SHADOWS_OFF LIGHTMAP_OFF DIRLIGHTMAP_OFF ok=1
Cmd: compileSnippet
  api=4 type=1 insize=5116 outsize=3167 kw=DIRECTIONAL SHADOWS_OFF LIGHTMAP_OFF DIRLIGHTMAP_OFF ok=1
Cmd: compileSnippet
  api=4 type=0 insize=2931 outsize=3720 kw=POINT ok=1
Cmd: compileSnippet
  api=4 type=1 insize=2931 outsize=3452 kw=POINT ok=1
Cmd: compileSnippet
  api=4 type=0 insize=2827 outsize=3598 kw= ok=1
Cmd: compileSnippet
  api=4 type=1 insize=2827 outsize=2265 kw= ok=1
Cmd: compileSnippet
  api=4 type=0 insize=4704 outsize=3842 kw=LIGHTMAP_OFF DIRLIGHTMAP_OFF HDR_LIGHT_PREPASS_OFF ok=1
Cmd: compileSnippet
  api=4 type=1 insize=4704 outsize=2208 kw=LIGHTMAP_OFF DIRLIGHTMAP_OFF HDR_LIGHT_PREPASS_OFF ok=1
Cmd: preprocess
  insize=6828 outsize=1562 ok=1
Cmd: compileSnippet
  api=4 type=0 insize=643 outsize=892 kw= ok=1
Cmd: compileSnippet
  api=4 type=1 insize=643 outsize=437 kw= ok=1
Cmd: compileSnippet
  api=4 type=0 insize=894 outsize=1136 kw= ok=1
Cmd: compileSnippet
  api=4 type=1 insize=894 outsize=892 kw= ok=1
Cmd: compileSnippet
  api=4 type=0 insize=751 outsize=3403 kw= ok=1
Cmd: compileSnippet
  api=4 type=1 insize=751 outsize=437 kw= ok=1
Cmd: compileSnippet
  api=4 type=0 insize=913 outsize=4435 kw= ok=1
Cmd: compileSnippet
  api=4 type=1 insize=913 outsize=868 kw= ok=1
Cmd: compileSnippet
  api=4 type=0 insize=778 outsize=1680 kw= ok=1
Cmd: compileSnippet
  api=4 type=1 insize=778 outsize=437 kw= ok=1
Cmd: compileSnippet
  api=4 type=0 insize=975 outsize=1908 kw= ok=1
Cmd: compileSnippet
  api=4 type=1 insize=975 outsize=868 kw= ok=1
Cmd: compileSnippet
  api=4 type=0 insize=909 outsize=2103 kw= ok=1
Cmd: compileSnippet
  api=4 type=1 insize=909 outsize=819 kw= ok=1
Cmd: compileSnippet
  api=4 type=0 insize=977 outsize=4004 kw= ok=1
Cmd: compileSnippet
  api=4 type=1 insize=977 outsize=965 kw= ok=1
Cmd: compileSnippet
  api=4 type=0 insize=926 outsize=3687 kw= ok=1
Cmd: compileSnippet
  api=4 type=1 insize=926 outsize=965 kw= ok=1
Cmd: preprocess
  insize=1359 outsize=1359 ok=1
Cmd: preprocess
  insize=1579 outsize=822 ok=1
Cmd: compileSnippet
  api=4 type=0 insize=1019 outsize=1274 kw= ok=1
Cmd: compileSnippet
  api=4 type=1 insize=1019 outsize=1095 kw= ok=1
Cmd: preprocess
  insize=973 outsize=1375 ok=1
Cmd: compileSnippet
  api=4 type=0 insize=4865 outsize=4069 kw=DIRECTIONAL SHADOWS_OFF LIGHTMAP_OFF DIRLIGHTMAP_OFF ok=1
Cmd: compileSnippet
  api=4 type=1 insize=4865 outsize=2452 kw=DIRECTIONAL SHADOWS_OFF LIGHTMAP_OFF DIRLIGHTMAP_OFF ok=1
Cmd: compileSnippet
  api=4 type=0 insize=2773 outsize=3720 kw=POINT ok=1
Cmd: compileSnippet
  api=4 type=1 insize=2773 outsize=2720 kw=POINT ok=1
Cmd: compileSnippet
  api=4 type=0 insize=2734 outsize=3598 kw= ok=1
Cmd: compileSnippet
  api=4 type=1 insize=2734 outsize=2257 kw= ok=1
Cmd: compileSnippet
  api=4 type=0 insize=4541 outsize=3842 kw=LIGHTMAP_OFF DIRLIGHTMAP_OFF HDR_LIGHT_PREPASS_OFF ok=1
Cmd: compileSnippet
  api=4 type=1 insize=4541 outsize=1965 kw=LIGHTMAP_OFF DIRLIGHTMAP_OFF HDR_LIGHT_PREPASS_OFF ok=1
Cmd: preprocess
  insize=2144 outsize=273 ok=1
Cmd: compileSnippet
  api=4 type=0 insize=2097 outsize=990 kw= ok=1
Cmd: compileSnippet
  api=4 type=1 insize=2097 outsize=4483 kw= ok=1
Cmd: preprocess
  insize=639 outsize=1151 ok=1
Cmd: compileSnippet
  api=4 type=0 insize=4208 outsize=2607 kw=DIRECTIONAL SHADOWS_OFF LIGHTMAP_OFF DIRLIGHTMAP_OFF ok=1
Cmd: compileSnippet
  api=4 type=1 insize=4208 outsize=1242 kw=DIRECTIONAL SHADOWS_OFF LIGHTMAP_OFF DIRLIGHTMAP_OFF ok=1
Cmd: compileSnippet
  api=4 type=0 insize=1775 outsize=1477 kw= ok=1
Cmd: compileSnippet
  api=4 type=1 insize=1775 outsize=632 kw= ok=1
Cmd: compileSnippet
  api=4 type=0 insize=3960 outsize=2883 kw=LIGHTMAP_OFF DIRLIGHTMAP_OFF HDR_LIGHT_PREPASS_OFF ok=1
Cmd: compileSnippet
  api=4 type=1 insize=3960 outsize=1152 kw=LIGHTMAP_OFF DIRLIGHTMAP_OFF HDR_LIGHT_PREPASS_OFF ok=1
Cmd: preprocess
  insize=5644 outsize=1960 ok=1
Cmd: compileSnippet
  api=4 type=0 insize=2028 outsize=8408 kw=DIRECTIONAL SHADOWS_OFF LIGHTMAP_OFF DIRLIGHTMAP_OFF ok=1
Cmd: compileSnippet
  api=4 type=1 insize=2028 outsize=1038 kw=DIRECTIONAL SHADOWS_OFF LIGHTMAP_OFF DIRLIGHTMAP_OFF ok=1
Cmd: compileSnippet
  api=4 type=0 insize=1078 outsize=4825 kw=SHADOWS_DEPTH ok=1
Cmd: compileSnippet
  api=4 type=1 insize=1078 outsize=868 kw=SHADOWS_DEPTH ok=1
Cmd: preprocess
  insize=850 outsize=1392 ok=1
Cmd: compileSnippet
  api=4 type=0 insize=4953 outsize=4069 kw=DIRECTIONAL SHADOWS_OFF LIGHTMAP_OFF DIRLIGHTMAP_OFF ok=1
Cmd: compileSnippet
  api=4 type=1 insize=4953 outsize=2663 kw=DIRECTIONAL SHADOWS_OFF LIGHTMAP_OFF DIRLIGHTMAP_OFF ok=1
Cmd: compileSnippet
  api=4 type=0 insize=2639 outsize=3720 kw=POINT ok=1
Cmd: compileSnippet
  api=4 type=1 insize=2639 outsize=2948 kw=POINT ok=1
Cmd: compileSnippet
  api=4 type=0 insize=2481 outsize=2915 kw= ok=1
Cmd: compileSnippet
  api=4 type=1 insize=2481 outsize=1550 kw= ok=1
Cmd: compileSnippet
  api=4 type=0 insize=4486 outsize=2972 kw=LIGHTMAP_OFF DIRLIGHTMAP_OFF HDR_LIGHT_PREPASS_OFF ok=1
Cmd: compileSnippet
  api=4 type=1 insize=4486 outsize=1493 kw=LIGHTMAP_OFF DIRLIGHTMAP_OFF HDR_LIGHT_PREPASS_OFF ok=1
Cmd: preprocess
  insize=1029 outsize=467 ok=1
Cmd: compileSnippet
  api=4 type=0 insize=832 outsize=1071 kw= ok=1
Cmd: compileSnippet
  api=4 type=1 insize=832 outsize=600 kw= ok=1
Cmd: preprocess
  insize=1554 outsize=824 ok=1
Cmd: compileSnippet
  api=4 type=0 insize=994 outsize=1298 kw= ok=1
Cmd: compileSnippet
  api=4 type=1 insize=994 outsize=990 kw= ok=1
Cmd: preprocess
  insize=1204 outsize=1196 ok=1
Cmd: compileSnippet
  api=4 type=0 insize=668 outsize=973 kw= ok=1
Cmd: compileSnippet
  api=4 type=1 insize=668 outsize=502 kw= ok=1
Cmd: compileSnippet
  api=4 type=0 insize=669 outsize=973 kw= ok=1
Cmd: compileSnippet
  api=4 type=1 insize=669 outsize=502 kw= ok=1
Cmd: compileSnippet
  api=4 type=0 insize=669 outsize=973 kw= ok=1
Cmd: compileSnippet
  api=4 type=1 insize=669 outsize=502 kw= ok=1
Cmd: compileSnippet
  api=4 type=0 insize=670 outsize=973 kw= ok=1
Cmd: compileSnippet
  api=4 type=1 insize=670 outsize=502 kw= ok=1
Cmd: compileSnippet
  api=4 type=0 insize=670 outsize=973 kw= ok=1
Cmd: compileSnippet
  api=4 type=1 insize=670 outsize=502 kw= ok=1
Cmd: compileSnippet
  api=4 type=0 insize=670 outsize=973 kw= ok=1
Cmd: compileSnippet
  api=4 type=1 insize=670 outsize=502 kw= ok=1
Cmd: compileSnippet
  api=4 type=0 insize=670 outsize=973 kw= ok=1
Cmd: compileSnippet
  api=4 type=1 insize=670 outsize=502 kw= ok=1
Cmd: compileSnippet
  api=4 type=0 insize=670 outsize=973 kw= ok=1
Cmd: compileSnippet
  api=4 type=1 insize=670 outsize=502 kw= ok=1
Cmd: preprocess
  insize=2089 outsize=934 ok=1
Cmd: compileSnippet
  api=4 type=0 insize=1409 outsize=1575 kw= ok=1
Cmd: compileSnippet
  api=4 type=1 insize=1409 outsize=1477 kw= ok=1
Cmd: preprocess
  insize=1692 outsize=472 ok=1
Cmd: compileSnippet
  api=4 type=0 insize=1468 outsize=1274 kw=SOFTPARTICLES_OFF ok=1
Cmd: compileSnippet
  api=4 type=1 insize=1468 outsize=754 kw=SOFTPARTICLES_OFF ok=1
Cmd: preprocess
  insize=338 outsize=193 ok=1
Cmd: compileSnippet
  api=4 type=0 insize=439 outsize=762 kw= ok=1
Cmd: compileSnippet
  api=4 type=1 insize=439 outsize=364 kw= ok=1
Cmd: preprocess
  insize=1157 outsize=799 ok=1
Cmd: compileSnippet
  api=4 type=0 insize=642 outsize=3907 kw= ok=1
Cmd: compileSnippet
  api=4 type=1 insize=642 outsize=1038 kw= ok=1
Cmd: preprocess
  insize=1059 outsize=1494 ok=1
Cmd: compileSnippet
  api=4 type=0 insize=5344 outsize=4012 kw=DIRECTIONAL SHADOWS_OFF LIGHTMAP_OFF DIRLIGHTMAP_OFF ok=1
Cmd: compileSnippet
  api=4 type=1 insize=5344 outsize=2615 kw=DIRECTIONAL SHADOWS_OFF LIGHTMAP_OFF DIRLIGHTMAP_OFF ok=1
Cmd: compileSnippet
  api=4 type=0 insize=2694 outsize=3053 kw=POINT ok=1
Cmd: compileSnippet
  api=4 type=1 insize=2694 outsize=2550 kw=POINT ok=1
Cmd: compileSnippet
  api=4 type=0 insize=2071 outsize=1477 kw= ok=1
Cmd: compileSnippet
  api=4 type=1 insize=2071 outsize=673 kw= ok=1
Cmd: compileSnippet
  api=4 type=0 insize=4753 outsize=3801 kw=LIGHTMAP_OFF DIRLIGHTMAP_OFF HDR_LIGHT_PREPASS_OFF ok=1
Cmd: compileSnippet
  api=4 type=1 insize=4753 outsize=1900 kw=LIGHTMAP_OFF DIRLIGHTMAP_OFF HDR_LIGHT_PREPASS_OFF ok=1
Cmd: preprocess
  insize=652 outsize=1397 ok=1
Cmd: compileSnippet
  api=4 type=0 insize=4314 outsize=2607 kw=DIRECTIONAL SHADOWS_OFF LIGHTMAP_OFF DIRLIGHTMAP_OFF ok=1
Cmd: compileSnippet
  api=4 type=1 insize=4314 outsize=1485 kw=DIRECTIONAL SHADOWS_OFF LIGHTMAP_OFF DIRLIGHTMAP_OFF ok=1
Cmd: compileSnippet
  api=4 type=0 insize=2340 outsize=2875 kw=POINT ok=1
Cmd: compileSnippet
  api=4 type=1 insize=2340 outsize=1786 kw=POINT ok=1
Cmd: compileSnippet
  api=4 type=0 insize=1999 outsize=1697 kw= ok=1
Cmd: compileSnippet
  api=4 type=1 insize=1999 outsize=1063 kw= ok=1
Cmd: compileSnippet
  api=4 type=0 insize=4049 outsize=2883 kw=LIGHTMAP_OFF DIRLIGHTMAP_OFF HDR_LIGHT_PREPASS_OFF ok=1
Cmd: compileSnippet
  api=4 type=1 insize=4049 outsize=1428 kw=LIGHTMAP_OFF DIRLIGHTMAP_OFF HDR_LIGHT_PREPASS_OFF ok=1
Cmd: preprocess
  insize=484 outsize=1217 ok=1
Cmd: compileSnippet
  api=4 type=0 insize=4218 outsize=2607 kw=DIRECTIONAL SHADOWS_OFF LIGHTMAP_OFF DIRLIGHTMAP_OFF ok=1
Cmd: compileSnippet
  api=4 type=1 insize=4218 outsize=1307 kw=DIRECTIONAL SHADOWS_OFF LIGHTMAP_OFF DIRLIGHTMAP_OFF ok=1
Cmd: compileSnippet
  api=4 type=0 insize=2257 outsize=2875 kw=POINT ok=1
Cmd: compileSnippet
  api=4 type=1 insize=2257 outsize=1607 kw=POINT ok=1
Cmd: compileSnippet
  api=4 type=0 insize=1785 outsize=1477 kw= ok=1
Cmd: compileSnippet
  api=4 type=1 insize=1785 outsize=632 kw= ok=1
Cmd: compileSnippet
  api=4 type=0 insize=3970 outsize=2883 kw=LIGHTMAP_OFF DIRLIGHTMAP_OFF HDR_LIGHT_PREPASS_OFF ok=1
Cmd: compileSnippet
  api=4 type=1 insize=3970 outsize=1250 kw=LIGHTMAP_OFF DIRLIGHTMAP_OFF HDR_LIGHT_PREPASS_OFF ok=1
Cmd: preprocess
  insize=8597 outsize=989 ok=1
Cmd: compileSnippet
  api=4 type=0 insize=7392 outsize=1940 kw=POINT SHADOWS_OFF ok=1
Cmd: compileSnippet
  api=4 type=1 insize=7392 outsize=4150 kw=POINT SHADOWS_OFF ok=1
Cmd: compileSnippet
  api=4 type=0 insize=7386 outsize=1940 kw=POINT SHADOWS_OFF ok=1
Cmd: compileSnippet
  api=4 type=1 insize=7386 outsize=4102 kw=POINT SHADOWS_OFF ok=1
Cmd: compileSnippet
  api=4 type=0 insize=7391 outsize=1940 kw=POINT SHADOWS_OFF ok=1
Cmd: compileSnippet
  api=4 type=1 insize=7391 outsize=4102 kw=POINT SHADOWS_OFF ok=1
Cmd: preprocess
  insize=1728 outsize=494 ok=1
Cmd: compileSnippet
  api=4 type=0 insize=1482 outsize=1274 kw=SOFTPARTICLES_OFF ok=1
Cmd: compileSnippet
  api=4 type=1 insize=1482 outsize=933 kw=SOFTPARTICLES_OFF ok=1
Cmd: preprocess
  insize=1332 outsize=2129 ok=1
Cmd: compileSnippet
  api=4 type=0 insize=5283 outsize=6726 kw=DIRECTIONAL SHADOWS_OFF LIGHTMAP_OFF DIRLIGHTMAP_OFF ok=1
Cmd: compileSnippet
  api=4 type=1 insize=5283 outsize=2980 kw=DIRECTIONAL SHADOWS_OFF LIGHTMAP_OFF DIRLIGHTMAP_OFF ok=1
Cmd: compileSnippet
  api=4 type=0 insize=2944 outsize=6360 kw=POINT ok=1
Cmd: compileSnippet
  api=4 type=1 insize=2944 outsize=3305 kw=POINT ok=1
Cmd: compileSnippet
  api=4 type=0 insize=2777 outsize=5507 kw= ok=1
Cmd: compileSnippet
  api=4 type=1 insize=2777 outsize=1510 kw= ok=1
Cmd: compileSnippet
  api=4 type=0 insize=4759 outsize=5475 kw=LIGHTMAP_OFF DIRLIGHTMAP_OFF HDR_LIGHT_PREPASS_OFF ok=1
Cmd: compileSnippet
  api=4 type=1 insize=4759 outsize=1827 kw=LIGHTMAP_OFF DIRLIGHTMAP_OFF HDR_LIGHT_PREPASS_OFF ok=1
Cmd: compileSnippet
  api=4 type=0 insize=2090 outsize=3744 kw=SHADOWS_DEPTH ok=1
Cmd: compileSnippet
  api=4 type=1 insize=2090 outsize=437 kw=SHADOWS_DEPTH ok=1
Cmd: preprocess
  insize=1091 outsize=475 ok=1
Cmd: compileSnippet
  api=4 type=0 insize=882 outsize=1071 kw= ok=1
Cmd: compileSnippet
  api=4 type=1 insize=882 outsize=868 kw= ok=1
Cmd: preprocess
  insize=863 outsize=1365 ok=1
Cmd: compileSnippet
  api=4 type=0 insize=4772 outsize=3573 kw=DIRECTIONAL SHADOWS_OFF LIGHTMAP_OFF DIRLIGHTMAP_OFF ok=1
Cmd: compileSnippet
  api=4 type=1 insize=4772 outsize=2038 kw=DIRECTIONAL SHADOWS_OFF LIGHTMAP_OFF DIRLIGHTMAP_OFF ok=1
Cmd: compileSnippet
  api=4 type=0 insize=2519 outsize=3037 kw=POINT ok=1
Cmd: compileSnippet
  api=4 type=1 insize=2519 outsize=2005 kw=POINT ok=1
Cmd: compileSnippet
  api=4 type=0 insize=2524 outsize=2915 kw= ok=1
Cmd: compileSnippet
  api=4 type=1 insize=2524 outsize=1510 kw= ok=1
Cmd: compileSnippet
  api=4 type=0 insize=4468 outsize=3159 kw=LIGHTMAP_OFF DIRLIGHTMAP_OFF HDR_LIGHT_PREPASS_OFF ok=1
Cmd: compileSnippet
  api=4 type=1 insize=4468 outsize=1550 kw=LIGHTMAP_OFF DIRLIGHTMAP_OFF HDR_LIGHT_PREPASS_OFF ok=1
Cmd: preprocess
  insize=905 outsize=1460 ok=1
Cmd: compileSnippet
  api=4 type=0 insize=5081 outsize=3183 kw=DIRECTIONAL SHADOWS_OFF LIGHTMAP_OFF DIRLIGHTMAP_OFF ok=1
Cmd: compileSnippet
  api=4 type=1 insize=5081 outsize=2477 kw=DIRECTIONAL SHADOWS_OFF LIGHTMAP_OFF DIRLIGHTMAP_OFF ok=1
Cmd: compileSnippet
  api=4 type=0 insize=2580 outsize=3053 kw=POINT ok=1
Cmd: compileSnippet
  api=4 type=1 insize=2580 outsize=2550 kw=POINT ok=1
Cmd: compileSnippet
  api=4 type=0 insize=1957 outsize=1477 kw= ok=1
Cmd: compileSnippet
  api=4 type=1 insize=1957 outsize=673 kw= ok=1
Cmd: compileSnippet
  api=4 type=0 insize=4521 outsize=2972 kw=LIGHTMAP_OFF DIRLIGHTMAP_OFF HDR_LIGHT_PREPASS_OFF ok=1
Cmd: compileSnippet
  api=4 type=1 insize=4521 outsize=1697 kw=LIGHTMAP_OFF DIRLIGHTMAP_OFF HDR_LIGHT_PREPASS_OFF ok=1
Cmd: preprocess
  insize=1076 outsize=435 ok=1
Cmd: compileSnippet
  api=4 type=0 insize=913 outsize=2249 kw= ok=1
Cmd: compileSnippet
  api=4 type=1 insize=913 outsize=876 kw= ok=1
Cmd: preprocess
  insize=4125 outsize=2821 ok=1
Cmd: compileSnippet
  api=4 type=0 insize=1084 outsize=2217 kw= ok=1
Cmd: compileSnippet
  api=4 type=1 insize=1084 outsize=973 kw= ok=1
Cmd: preprocess
  insize=1109 outsize=405 ok=1
Cmd: compileSnippet
  api=4 type=0 insize=966 outsize=1274 kw= ok=1
Cmd: compileSnippet
  api=4 type=1 insize=966 outsize=795 kw= ok=1
Cmd: preprocess
  insize=701 outsize=1346 ok=1
Cmd: compileSnippet
  api=4 type=0 insize=4871 outsize=3094 kw=DIRECTIONAL SHADOWS_OFF LIGHTMAP_OFF DIRLIGHTMAP_OFF ok=1
Cmd: compileSnippet
  api=4 type=1 insize=4871 outsize=2273 kw=DIRECTIONAL SHADOWS_OFF LIGHTMAP_OFF DIRLIGHTMAP_OFF ok=1
Cmd: compileSnippet
  api=4 type=0 insize=2494 outsize=3053 kw=POINT ok=1
Cmd: compileSnippet
  api=4 type=1 insize=2494 outsize=2550 kw=POINT ok=1
Cmd: compileSnippet
  api=4 type=0 insize=1871 outsize=1477 kw= ok=1
Cmd: compileSnippet
  api=4 type=1 insize=1871 outsize=673 kw= ok=1
Cmd: compileSnippet
  api=4 type=0 insize=4311 outsize=2883 kw=LIGHTMAP_OFF DIRLIGHTMAP_OFF HDR_LIGHT_PREPASS_OFF ok=1
Cmd: compileSnippet
  api=4 type=1 insize=4311 outsize=1493 kw=LIGHTMAP_OFF DIRLIGHTMAP_OFF HDR_LIGHT_PREPASS_OFF ok=1
Cmd: preprocess
  insize=198 outsize=198 ok=1
Cmd: preprocess
  insize=1154 outsize=1874 ok=1
Cmd: compileSnippet
  api=4 type=0 insize=4327 outsize=2753 kw=DIRECTIONAL SHADOWS_OFF LIGHTMAP_OFF DIRLIGHTMAP_OFF ok=1
Cmd: compileSnippet
  api=4 type=1 insize=4327 outsize=1380 kw=DIRECTIONAL SHADOWS_OFF LIGHTMAP_OFF DIRLIGHTMAP_OFF ok=1
Cmd: compileSnippet
  api=4 type=0 insize=2341 outsize=3021 kw=POINT ok=1
Cmd: compileSnippet
  api=4 type=1 insize=2341 outsize=1680 kw=POINT ok=1
Cmd: compileSnippet
  api=4 type=0 insize=1796 outsize=1477 kw= ok=1
Cmd: compileSnippet
  api=4 type=1 insize=1796 outsize=632 kw= ok=1
Cmd: compileSnippet
  api=4 type=0 insize=4054 outsize=3029 kw=LIGHTMAP_OFF DIRLIGHTMAP_OFF HDR_LIGHT_PREPASS_OFF ok=1
Cmd: compileSnippet
  api=4 type=1 insize=4054 outsize=1290 kw=LIGHTMAP_OFF DIRLIGHTMAP_OFF HDR_LIGHT_PREPASS_OFF ok=1
Cmd: preprocess
  insize=1089 outsize=481 ok=1
Cmd: compileSnippet
  api=4 type=0 insize=874 outsize=1071 kw= ok=1
Cmd: compileSnippet
  api=4 type=1 insize=874 outsize=843 kw= ok=1
Cmd: preprocess
  insize=2721 outsize=951 ok=1
Cmd: compileSnippet
  api=4 type=0 insize=2034 outsize=8408 kw=DIRECTIONAL SHADOWS_OFF LIGHTMAP_OFF DIRLIGHTMAP_OFF ok=1
Cmd: compileSnippet
  api=4 type=1 insize=2034 outsize=1038 kw=DIRECTIONAL SHADOWS_OFF LIGHTMAP_OFF DIRLIGHTMAP_OFF ok=1
Cmd: preprocess
  insize=1708 outsize=1651 ok=1
Cmd: compileSnippet
  api=4 type=0 insize=6400 outsize=5767 kw=DIRECTIONAL SHADOWS_OFF LIGHTMAP_OFF DIRLIGHTMAP_OFF ok=1
Cmd: compileSnippet
  api=4 type=1 insize=6400 outsize=4175 kw=DIRECTIONAL SHADOWS_OFF LIGHTMAP_OFF DIRLIGHTMAP_OFF ok=1
Cmd: compileSnippet
  api=4 type=0 insize=3306 outsize=3720 kw=POINT ok=1
Cmd: compileSnippet
  api=4 type=1 insize=3306 outsize=3452 kw=POINT ok=1
Cmd: compileSnippet
  api=4 type=0 insize=3202 outsize=3598 kw= ok=1
Cmd: compileSnippet
  api=4 type=1 insize=3202 outsize=2265 kw= ok=1
Cmd: compileSnippet
  api=4 type=0 insize=5904 outsize=5540 kw=LIGHTMAP_OFF DIRLIGHTMAP_OFF HDR_LIGHT_PREPASS_OFF ok=1
Cmd: compileSnippet
  api=4 type=1 insize=5904 outsize=3720 kw=LIGHTMAP_OFF DIRLIGHTMAP_OFF HDR_LIGHT_PREPASS_OFF ok=1
Cmd: preprocess
  insize=2433 outsize=2008 ok=1
Cmd: compileSnippet
  api=4 type=0 insize=6534 outsize=4605 kw=DIRECTIONAL SHADOWS_OFF LIGHTMAP_OFF DIRLIGHTMAP_OFF ok=1
Cmd: compileSnippet
  api=4 type=1 insize=6534 outsize=4500 kw=DIRECTIONAL SHADOWS_OFF LIGHTMAP_OFF DIRLIGHTMAP_OFF ok=1
Cmd: compileSnippet
  api=4 type=0 insize=4164 outsize=4256 kw=POINT ok=1
Cmd: compileSnippet
  api=4 type=1 insize=4164 outsize=4841 kw=POINT ok=1
Cmd: compileSnippet
  api=4 type=0 insize=4081 outsize=3549 kw= ok=1
Cmd: compileSnippet
  api=4 type=1 insize=4081 outsize=2753 kw= ok=1
Cmd: compileSnippet
  api=4 type=0 insize=5979 outsize=3387 kw=LIGHTMAP_OFF DIRLIGHTMAP_OFF HDR_LIGHT_PREPASS_OFF ok=1
Cmd: compileSnippet
  api=4 type=1 insize=5979 outsize=2493 kw=LIGHTMAP_OFF DIRLIGHTMAP_OFF HDR_LIGHT_PREPASS_OFF ok=1
Cmd: preprocess
  insize=1817 outsize=2120 ok=1
Cmd: compileSnippet
  api=4 type=0 insize=5169 outsize=3110 kw=DIRECTIONAL SHADOWS_OFF LIGHTMAP_OFF DIRLIGHTMAP_OFF ok=1
Cmd: compileSnippet
  api=4 type=1 insize=5169 outsize=2184 kw=DIRECTIONAL SHADOWS_OFF LIGHTMAP_OFF DIRLIGHTMAP_OFF ok=1
Cmd: compileSnippet
  api=4 type=0 insize=3152 outsize=3378 kw=POINT ok=1
Cmd: compileSnippet
  api=4 type=1 insize=3152 outsize=2485 kw=POINT ok=1
Cmd: compileSnippet
  api=4 type=0 insize=2208 outsize=1477 kw= ok=1
Cmd: compileSnippet
  api=4 type=1 insize=2208 outsize=632 kw= ok=1
Cmd: compileSnippet
  api=4 type=0 insize=4865 outsize=3387 kw=LIGHTMAP_OFF DIRLIGHTMAP_OFF HDR_LIGHT_PREPASS_OFF ok=1
Cmd: compileSnippet
  api=4 type=1 insize=4865 outsize=2095 kw=LIGHTMAP_OFF DIRLIGHTMAP_OFF HDR_LIGHT_PREPASS_OFF ok=1
Cmd: preprocess
  insize=935 outsize=373 ok=1
Cmd: compileSnippet
  api=4 type=0 insize=832 outsize=1071 kw= ok=1
Cmd: compileSnippet
  api=4 type=1 insize=832 outsize=600 kw= ok=1
Cmd: preprocess
  insize=1438 outsize=1618 ok=1
Cmd: compileSnippet
  api=4 type=0 insize=5405 outsize=4232 kw=DIRECTIONAL SHADOWS_OFF LIGHTMAP_OFF DIRLIGHTMAP_OFF ok=1
Cmd: compileSnippet
  api=4 type=1 insize=5405 outsize=3517 kw=DIRECTIONAL SHADOWS_OFF LIGHTMAP_OFF DIRLIGHTMAP_OFF ok=1
Cmd: compileSnippet
  api=4 type=0 insize=3040 outsize=3720 kw=POINT ok=1
Cmd: compileSnippet
  api=4 type=1 insize=3040 outsize=3452 kw=POINT ok=1
Cmd: compileSnippet
  api=4 type=0 insize=2936 outsize=3598 kw= ok=1
Cmd: compileSnippet
  api=4 type=1 insize=2936 outsize=2265 kw= ok=1
Cmd: compileSnippet
  api=4 type=0 insize=4965 outsize=4004 kw=LIGHTMAP_OFF DIRLIGHTMAP_OFF HDR_LIGHT_PREPASS_OFF ok=1
Cmd: compileSnippet
  api=4 type=1 insize=4965 outsize=2558 kw=LIGHTMAP_OFF DIRLIGHTMAP_OFF HDR_LIGHT_PREPASS_OFF ok=1
Cmd: preprocess
  insize=2722 outsize=281 ok=1
Cmd: compileSnippet
  api=4 type=0 insize=2662 outsize=1128 kw= ok=1
Cmd: compileSnippet
  api=4 type=1 insize=2662 outsize=5889 kw= ok=1
Cmd: preprocess
  insize=822 outsize=1255 ok=1
Cmd: compileSnippet
  api=4 type=0 insize=4314 outsize=3297 kw=DIRECTIONAL SHADOWS_OFF LIGHTMAP_OFF DIRLIGHTMAP_OFF ok=1
Cmd: compileSnippet
  api=4 type=1 insize=4314 outsize=1672 kw=DIRECTIONAL SHADOWS_OFF LIGHTMAP_OFF DIRLIGHTMAP_OFF ok=1
Cmd: compileSnippet
  api=4 type=0 insize=2364 outsize=2915 kw= ok=1
Cmd: compileSnippet
  api=4 type=1 insize=2364 outsize=1510 kw= ok=1
Cmd: compileSnippet
  api=4 type=0 insize=4038 outsize=2883 kw=LIGHTMAP_OFF DIRLIGHTMAP_OFF HDR_LIGHT_PREPASS_OFF ok=1
Cmd: compileSnippet
  api=4 type=1 insize=4038 outsize=1152 kw=LIGHTMAP_OFF DIRLIGHTMAP_OFF HDR_LIGHT_PREPASS_OFF ok=1
Cmd: preprocess
  insize=2644 outsize=1215 ok=1
Cmd: compileSnippet
  api=4 type=0 insize=978 outsize=1274 kw= ok=1
Cmd: compileSnippet
  api=4 type=1 insize=978 outsize=990 kw= ok=1
Cmd: compileSnippet
  api=4 type=0 insize=981 outsize=1274 kw= ok=1
Cmd: compileSnippet
  api=4 type=1 insize=981 outsize=998 kw= ok=1
Cmd: preprocess
  insize=2744 outsize=2119 ok=1
Cmd: compileSnippet
  api=4 type=0 insize=564 outsize=1233 kw=SHADOWS_DEPTH ok=1
Cmd: compileSnippet
  api=4 type=1 insize=564 outsize=437 kw=SHADOWS_DEPTH ok=1
Cmd: preprocess
  insize=1341 outsize=382 ok=1
Cmd: compileSnippet
  api=4 type=0 insize=1218 outsize=1965 kw= ok=1
Cmd: compileSnippet
  api=4 type=1 insize=1218 outsize=1055 kw= ok=1
Cmd: preprocess
  insize=1202 outsize=1540 ok=1
Cmd: compileSnippet
  api=4 type=0 insize=9498 outsize=2533 kw=DIRECTIONAL SHADOWS_OFF LIGHTMAP_OFF DIRLIGHTMAP_OFF DUMMY ok=1
Cmd: compileSnippet
  api=4 type=1 insize=9498 outsize=1428 kw=DIRECTIONAL SHADOWS_OFF LIGHTMAP_OFF DIRLIGHTMAP_OFF DUMMY ok=1
Cmd: compileSnippet
  api=4 type=0 insize=5512 outsize=2802 kw=POINT DUMMY ok=1
Cmd: compileSnippet
  api=4 type=1 insize=5512 outsize=1729 kw=POINT DUMMY ok=1
Cmd: compileSnippet
  api=4 type=0 insize=4564 outsize=1437 kw=DUMMY ok=1
Cmd: compileSnippet
  api=4 type=1 insize=4564 outsize=681 kw=DUMMY ok=1
Cmd: compileSnippet
  api=4 type=0 insize=8900 outsize=2810 kw=LIGHTMAP_OFF DIRLIGHTMAP_OFF HDR_LIGHT_PREPASS_OFF DUMMY ok=1
Cmd: compileSnippet
  api=4 type=1 insize=8900 outsize=1339 kw=LIGHTMAP_OFF DIRLIGHTMAP_OFF HDR_LIGHT_PREPASS_OFF DUMMY ok=1
Cmd: preprocess
  insize=1288 outsize=1518 ok=1
Cmd: compileSnippet
  api=4 type=0 insize=5525 outsize=4321 kw=DIRECTIONAL SHADOWS_OFF LIGHTMAP_OFF DIRLIGHTMAP_OFF ok=1
Cmd: compileSnippet
  api=4 type=1 insize=5525 outsize=3281 kw=DIRECTIONAL SHADOWS_OFF LIGHTMAP_OFF DIRLIGHTMAP_OFF ok=1
Cmd: compileSnippet
  api=4 type=0 insize=3183 outsize=3972 kw=POINT ok=1
Cmd: compileSnippet
  api=4 type=1 insize=3183 outsize=3565 kw=POINT ok=1
Cmd: compileSnippet
  api=4 type=0 insize=2893 outsize=3005 kw= ok=1
Cmd: compileSnippet
  api=4 type=1 insize=2893 outsize=1794 kw= ok=1
Cmd: compileSnippet
  api=4 type=0 insize=5030 outsize=3224 kw=LIGHTMAP_OFF DIRLIGHTMAP_OFF HDR_LIGHT_PREPASS_OFF ok=1
Cmd: compileSnippet
  api=4 type=1 insize=5030 outsize=2030 kw=LIGHTMAP_OFF DIRLIGHTMAP_OFF HDR_LIGHT_PREPASS_OFF ok=1
Cmd: preprocess
  insize=635 outsize=1266 ok=1
Cmd: compileSnippet
  api=4 type=0 insize=4452 outsize=3387 kw=DIRECTIONAL SHADOWS_OFF LIGHTMAP_OFF DIRLIGHTMAP_OFF ok=1
Cmd: compileSnippet
  api=4 type=1 insize=4452 outsize=1737 kw=DIRECTIONAL SHADOWS_OFF LIGHTMAP_OFF DIRLIGHTMAP_OFF ok=1
Cmd: compileSnippet
  api=4 type=0 insize=2390 outsize=3037 kw=POINT ok=1
Cmd: compileSnippet
  api=4 type=1 insize=2390 outsize=2005 kw=POINT ok=1
Cmd: compileSnippet
  api=4 type=0 insize=2395 outsize=2915 kw= ok=1
Cmd: compileSnippet
  api=4 type=1 insize=2395 outsize=1510 kw= ok=1
Cmd: compileSnippet
  api=4 type=0 insize=4176 outsize=2972 kw=LIGHTMAP_OFF DIRLIGHTMAP_OFF HDR_LIGHT_PREPASS_OFF ok=1
Cmd: compileSnippet
  api=4 type=1 insize=4176 outsize=1250 kw=LIGHTMAP_OFF DIRLIGHTMAP_OFF HDR_LIGHT_PREPASS_OFF ok=1
Cmd: preprocess
  insize=7690 outsize=1676 ok=1
Cmd: compileSnippet
  api=4 type=0 insize=634 outsize=1697 kw= ok=1
Cmd: compileSnippet
  api=4 type=1 insize=634 outsize=965 kw= ok=1
Cmd: compileSnippet
  api=4 type=0 insize=885 outsize=1916 kw= ok=1
Cmd: compileSnippet
  api=4 type=1 insize=885 outsize=1380 kw= ok=1
Cmd: compileSnippet
  api=4 type=0 insize=797 outsize=4427 kw= ok=1
Cmd: compileSnippet
  api=4 type=1 insize=797 outsize=1014 kw= ok=1
Cmd: compileSnippet
  api=4 type=0 insize=915 outsize=5296 kw= ok=1
Cmd: compileSnippet
  api=4 type=1 insize=915 outsize=1355 kw= ok=1
Cmd: compileSnippet
  api=4 type=0 insize=795 outsize=2533 kw= ok=1
Cmd: compileSnippet
  api=4 type=1 insize=795 outsize=965 kw= ok=1
Cmd: compileSnippet
  api=4 type=0 insize=992 outsize=2737 kw= ok=1
Cmd: compileSnippet
  api=4 type=1 insize=992 outsize=1355 kw= ok=1
Cmd: compileSnippet
  api=4 type=0 insize=999 outsize=2785 kw= ok=1
Cmd: compileSnippet
  api=4 type=1 insize=999 outsize=1355 kw= ok=1
Cmd: compileSnippet
  api=4 type=0 insize=892 outsize=2696 kw= ok=1
Cmd: compileSnippet
  api=4 type=1 insize=892 outsize=1307 kw= ok=1
Cmd: compileSnippet
  api=4 type=0 insize=966 outsize=4784 kw= ok=1
Cmd: compileSnippet
  api=4 type=1 insize=966 outsize=1453 kw= ok=1
Cmd: compileSnippet
  api=4 type=0 insize=918 outsize=4467 kw= ok=1
Cmd: compileSnippet
  api=4 type=1 insize=918 outsize=1453 kw= ok=1
Cmd: preprocess
  insize=2871 outsize=680 ok=1
Cmd: compileSnippet
  api=4 type=0 insize=2405 outsize=5808 kw= ok=1
Cmd: compileSnippet
  api=4 type=1 insize=2405 outsize=2842 kw= ok=1
Cmd: preprocess
  insize=1062 outsize=423 ok=1
Cmd: compileSnippet
  api=4 type=0 insize=906 outsize=1274 kw= ok=1
Cmd: compileSnippet
  api=4 type=1 insize=906 outsize=811 kw= ok=1
Cmd: preprocess
  insize=1794 outsize=549 ok=1
Cmd: compileSnippet
  api=4 type=0 insize=1493 outsize=1274 kw=SOFTPARTICLES_OFF ok=1
Cmd: compileSnippet
  api=4 type=1 insize=1493 outsize=908 kw=SOFTPARTICLES_OFF ok=1
Cmd: preprocess
  insize=891 outsize=572 ok=1
Cmd: compileSnippet
  api=4 type=0 insize=605 outsize=3508 kw= ok=1
Cmd: compileSnippet
  api=4 type=1 insize=605 outsize=852 kw= ok=1
Cmd: preprocess
  insize=701 outsize=701 ok=1
Cmd: preprocess
  insize=1791 outsize=2385 ok=1
Cmd: compileSnippet
  api=4 type=0 insize=5000 outsize=5385 kw=DIRECTIONAL SHADOWS_OFF LIGHTMAP_OFF DIRLIGHTMAP_OFF ok=1
Cmd: compileSnippet
  api=4 type=1 insize=5000 outsize=1567 kw=DIRECTIONAL SHADOWS_OFF LIGHTMAP_OFF DIRLIGHTMAP_OFF ok=1
Cmd: compileSnippet
  api=4 type=0 insize=3014 outsize=5653 kw=POINT ok=1
Cmd: compileSnippet
  api=4 type=1 insize=3014 outsize=1851 kw=POINT ok=1
Cmd: compileSnippet
  api=4 type=0 insize=2645 outsize=4475 kw= ok=1
Cmd: compileSnippet
  api=4 type=1 insize=2645 outsize=1136 kw= ok=1
Cmd: compileSnippet
  api=4 type=0 insize=4695 outsize=5718 kw=LIGHTMAP_OFF DIRLIGHTMAP_OFF HDR_LIGHT_PREPASS_OFF ok=1
Cmd: compileSnippet
  api=4 type=1 insize=4695 outsize=1510 kw=LIGHTMAP_OFF DIRLIGHTMAP_OFF HDR_LIGHT_PREPASS_OFF ok=1
Cmd: compileSnippet
  api=4 type=0 insize=2458 outsize=4427 kw=SHADOWS_DEPTH ok=1
Cmd: compileSnippet
  api=4 type=1 insize=2458 outsize=965 kw=SHADOWS_DEPTH ok=1
Cmd: preprocess
  insize=1866 outsize=498 ok=1
Cmd: compileSnippet
  api=4 type=0 insize=1612 outsize=1274 kw=SOFTPARTICLES_OFF ok=1
Cmd: compileSnippet
  api=4 type=1 insize=1612 outsize=973 kw=SOFTPARTICLES_OFF ok=1
Cmd: preprocess
  insize=1145 outsize=1436 ok=1
Cmd: compileSnippet
  api=4 type=0 insize=5726 outsize=5523 kw=DIRECTIONAL SHADOWS_OFF LIGHTMAP_OFF DIRLIGHTMAP_OFF ok=1
Cmd: compileSnippet
  api=4 type=1 insize=5726 outsize=2680 kw=DIRECTIONAL SHADOWS_OFF LIGHTMAP_OFF DIRLIGHTMAP_OFF ok=1
Cmd: compileSnippet
  api=4 type=0 insize=2755 outsize=3037 kw=POINT ok=1
Cmd: compileSnippet
  api=4 type=1 insize=2755 outsize=2005 kw=POINT ok=1
Cmd: compileSnippet
  api=4 type=0 insize=2760 outsize=2915 kw= ok=1
Cmd: compileSnippet
  api=4 type=1 insize=2760 outsize=1510 kw= ok=1
Cmd: compileSnippet
  api=4 type=0 insize=5392 outsize=5296 kw=LIGHTMAP_OFF DIRLIGHTMAP_OFF HDR_LIGHT_PREPASS_OFF ok=1
Cmd: compileSnippet
  api=4 type=1 insize=5392 outsize=2720 kw=LIGHTMAP_OFF DIRLIGHTMAP_OFF HDR_LIGHT_PREPASS_OFF ok=1
Cmd: preprocess
  insize=1168 outsize=1406 ok=1
Cmd: compileSnippet
  api=4 type=0 insize=5179 outsize=3110 kw=DIRECTIONAL SHADOWS_OFF LIGHTMAP_OFF DIRLIGHTMAP_OFF ok=1
Cmd: compileSnippet
  api=4 type=1 insize=5179 outsize=2184 kw=DIRECTIONAL SHADOWS_OFF LIGHTMAP_OFF DIRLIGHTMAP_OFF ok=1
Cmd: compileSnippet
  api=4 type=0 insize=3162 outsize=3378 kw=POINT ok=1
Cmd: compileSnippet
  api=4 type=1 insize=3162 outsize=2485 kw=POINT ok=1
Cmd: compileSnippet
  api=4 type=0 insize=4875 outsize=3387 kw=LIGHTMAP_OFF DIRLIGHTMAP_OFF HDR_LIGHT_PREPASS_OFF ok=1
Cmd: compileSnippet
  api=4 type=1 insize=4875 outsize=2095 kw=LIGHTMAP_OFF DIRLIGHTMAP_OFF HDR_LIGHT_PREPASS_OFF ok=1
Cmd: preprocess
  insize=1386 outsize=1542 ok=1
Cmd: compileSnippet
  api=4 type=0 insize=6289 outsize=5767 kw=DIRECTIONAL SHADOWS_OFF LIGHTMAP_OFF DIRLIGHTMAP_OFF ok=1
Cmd: compileSnippet
  api=4 type=1 insize=6289 outsize=3671 kw=DIRECTIONAL SHADOWS_OFF LIGHTMAP_OFF DIRLIGHTMAP_OFF ok=1
Cmd: compileSnippet
  api=4 type=0 insize=3066 outsize=3720 kw=POINT ok=1
Cmd: compileSnippet
  api=4 type=1 insize=3066 outsize=2948 kw=POINT ok=1
Cmd: compileSnippet
  api=4 type=0 insize=2876 outsize=2915 kw= ok=1
Cmd: compileSnippet
  api=4 type=1 insize=2876 outsize=1550 kw= ok=1
Cmd: compileSnippet
  api=4 type=0 insize=5706 outsize=5296 kw=LIGHTMAP_OFF DIRLIGHTMAP_OFF HDR_LIGHT_PREPASS_OFF ok=1
Cmd: compileSnippet
  api=4 type=1 insize=5706 outsize=3005 kw=LIGHTMAP_OFF DIRLIGHTMAP_OFF HDR_LIGHT_PREPASS_OFF ok=1
Cmd: preprocess
  insize=1798 outsize=556 ok=1
Cmd: compileSnippet
  api=4 type=0 insize=1490 outsize=1274 kw=SOFTPARTICLES_OFF ok=1
Cmd: compileSnippet
  api=4 type=1 insize=1490 outsize=908 kw=SOFTPARTICLES_OFF ok=1
Cmd: preprocess
  insize=722 outsize=1031 ok=1
Cmd: compileSnippet
  api=4 type=0 insize=4480 outsize=3387 kw=DIRECTIONAL LIGHTMAP_OFF DIRLIGHTMAP_OFF ok=1
Cmd: compileSnippet
  api=4 type=1 insize=4480 outsize=1737 kw=DIRECTIONAL LIGHTMAP_OFF DIRLIGHTMAP_OFF ok=1
Cmd: compileSnippet
  api=4 type=0 insize=2400 outsize=3037 kw=POINT ok=1
Cmd: compileSnippet
  api=4 type=1 insize=2400 outsize=2005 kw=POINT ok=1
Cmd: preprocess
  insize=685 outsize=685 ok=1
Cmd: preprocess
  insize=886 outsize=1389 ok=1
Cmd: compileSnippet
  api=4 type=0 insize=4713 outsize=3557 kw=DIRECTIONAL SHADOWS_OFF LIGHTMAP_OFF DIRLIGHTMAP_OFF ok=1
Cmd: compileSnippet
  api=4 type=1 insize=4713 outsize=1672 kw=DIRECTIONAL SHADOWS_OFF LIGHTMAP_OFF DIRLIGHTMAP_OFF ok=1
Cmd: compileSnippet
  api=4 type=0 insize=2479 outsize=2875 kw=POINT ok=1
Cmd: compileSnippet
  api=4 type=1 insize=2479 outsize=1607 kw=POINT ok=1
Cmd: compileSnippet
  api=4 type=0 insize=2007 outsize=1477 kw= ok=1
Cmd: compileSnippet
  api=4 type=1 insize=2007 outsize=632 kw= ok=1
Cmd: compileSnippet
  api=4 type=0 insize=4434 outsize=3801 kw=LIGHTMAP_OFF DIRLIGHTMAP_OFF HDR_LIGHT_PREPASS_OFF ok=1
Cmd: compileSnippet
  api=4 type=1 insize=4434 outsize=1615 kw=LIGHTMAP_OFF DIRLIGHTMAP_OFF HDR_LIGHT_PREPASS_OFF ok=1
Cmd: preprocess
  insize=793 outsize=793 ok=1
Cmd: preprocess
  insize=1603 outsize=1129 ok=1
Cmd: compileSnippet
  api=4 type=0 insize=4702 outsize=3370 kw=DIRECTIONAL SHADOWS_OFF LIGHTMAP_OFF DIRLIGHTMAP_OFF ok=1
Cmd: compileSnippet
  api=4 type=1 insize=4702 outsize=2168 kw=DIRECTIONAL SHADOWS_OFF LIGHTMAP_OFF DIRLIGHTMAP_OFF ok=1
Cmd: preprocess
  insize=576 outsize=986 ok=1
Cmd: compileSnippet
  api=4 type=0 insize=4246 outsize=2607 kw=DIRECTIONAL LIGHTMAP_OFF DIRLIGHTMAP_OFF ok=1
Cmd: compileSnippet
  api=4 type=1 insize=4246 outsize=1307 kw=DIRECTIONAL LIGHTMAP_OFF DIRLIGHTMAP_OFF ok=1
Cmd: compileSnippet
  api=4 type=0 insize=2267 outsize=2875 kw=POINT ok=1
Cmd: compileSnippet
  api=4 type=1 insize=2267 outsize=1607 kw=POINT ok=1
Cmd: preprocess
  insize=1781 outsize=2834 ok=1
Cmd: compileSnippet
  api=4 type=0 insize=4546 outsize=5068 kw=DIRECTIONAL SHADOWS_OFF LIGHTMAP_OFF DIRLIGHTMAP_OFF ok=1
Cmd: compileSnippet
  api=4 type=1 insize=4546 outsize=1567 kw=DIRECTIONAL SHADOWS_OFF LIGHTMAP_OFF DIRLIGHTMAP_OFF ok=1
Cmd: compileSnippet
  api=4 type=0 insize=2560 outsize=5337 kw=POINT ok=1
Cmd: compileSnippet
  api=4 type=1 insize=2560 outsize=1851 kw=POINT ok=1
Cmd: compileSnippet
  api=4 type=0 insize=2191 outsize=4158 kw= ok=1
Cmd: compileSnippet
  api=4 type=1 insize=2191 outsize=1136 kw= ok=1
Cmd: compileSnippet
  api=4 type=0 insize=4241 outsize=5402 kw=LIGHTMAP_OFF DIRLIGHTMAP_OFF HDR_LIGHT_PREPASS_OFF ok=1
Cmd: compileSnippet
  api=4 type=1 insize=4241 outsize=1510 kw=LIGHTMAP_OFF DIRLIGHTMAP_OFF HDR_LIGHT_PREPASS_OFF ok=1
Cmd: compileSnippet
  api=4 type=0 insize=2004 outsize=4110 kw=SHADOWS_DEPTH ok=1
Cmd: compileSnippet
  api=4 type=1 insize=2004 outsize=965 kw=SHADOWS_DEPTH ok=1
Cmd: preprocess
  insize=455 outsize=455 ok=1
Cmd: preprocess
  insize=397 outsize=397 ok=1
Cmd: preprocess
  insize=871 outsize=1392 ok=1
Cmd: compileSnippet
  api=4 type=0 insize=4739 outsize=3549 kw=DIRECTIONAL SHADOWS_OFF LIGHTMAP_OFF DIRLIGHTMAP_OFF ok=1
Cmd: compileSnippet
  api=4 type=1 insize=4739 outsize=2013 kw=DIRECTIONAL SHADOWS_OFF LIGHTMAP_OFF DIRLIGHTMAP_OFF ok=1
Cmd: compileSnippet
  api=4 type=0 insize=2497 outsize=3037 kw=POINT ok=1
Cmd: compileSnippet
  api=4 type=1 insize=2497 outsize=2005 kw=POINT ok=1
Cmd: compileSnippet
  api=4 type=0 insize=2502 outsize=2915 kw= ok=1
Cmd: compileSnippet
  api=4 type=1 insize=2502 outsize=1510 kw= ok=1
Cmd: compileSnippet
  api=4 type=0 insize=4435 outsize=3135 kw=LIGHTMAP_OFF DIRLIGHTMAP_OFF HDR_LIGHT_PREPASS_OFF ok=1
Cmd: compileSnippet
  api=4 type=1 insize=4435 outsize=1502 kw=LIGHTMAP_OFF DIRLIGHTMAP_OFF HDR_LIGHT_PREPASS_OFF ok=1
Cmd: preprocess
  insize=1593 outsize=1133 ok=1
Cmd: compileSnippet
  api=4 type=0 insize=5050 outsize=4345 kw=DIRECTIONAL SHADOWS_OFF LIGHTMAP_OFF DIRLIGHTMAP_OFF ok=1
Cmd: compileSnippet
  api=4 type=1 insize=5050 outsize=2168 kw=DIRECTIONAL SHADOWS_OFF LIGHTMAP_OFF DIRLIGHTMAP_OFF ok=1
Cmd: preprocess
  insize=551 outsize=551 ok=1
Cmd: preprocess
  insize=986 outsize=986 ok=1
Cmd: preprocess
  insize=1377 outsize=381 ok=1
Cmd: compileSnippet
  api=4 type=0 insize=1254 outsize=1965 kw= ok=1
Cmd: compileSnippet
  api=4 type=1 insize=1254 outsize=1014 kw= ok=1
Cmd: preprocess
  insize=2811 outsize=2207 ok=1
Cmd: compileSnippet
  api=4 type=0 insize=6524 outsize=4605 kw=DIRECTIONAL SHADOWS_OFF LIGHTMAP_OFF DIRLIGHTMAP_OFF ok=1
Cmd: compileSnippet
  api=4 type=1 insize=6524 outsize=4500 kw=DIRECTIONAL SHADOWS_OFF LIGHTMAP_OFF DIRLIGHTMAP_OFF ok=1
Cmd: compileSnippet
  api=4 type=0 insize=4154 outsize=4256 kw=POINT ok=1
Cmd: compileSnippet
  api=4 type=1 insize=4154 outsize=4841 kw=POINT ok=1
Cmd: compileSnippet
  api=4 type=0 insize=4071 outsize=3549 kw= ok=1
Cmd: compileSnippet
  api=4 type=1 insize=4071 outsize=2753 kw= ok=1
Cmd: compileSnippet
  api=4 type=0 insize=5969 outsize=3387 kw=LIGHTMAP_OFF DIRLIGHTMAP_OFF HDR_LIGHT_PREPASS_OFF ok=1
Cmd: compileSnippet
  api=4 type=1 insize=5969 outsize=2493 kw=LIGHTMAP_OFF DIRLIGHTMAP_OFF HDR_LIGHT_PREPASS_OFF ok=1
Cmd: preprocess
  insize=1052 outsize=1505 ok=1
Cmd: compileSnippet
  api=4 type=0 insize=5218 outsize=4232 kw=DIRECTIONAL SHADOWS_OFF LIGHTMAP_OFF DIRLIGHTMAP_OFF ok=1
Cmd: compileSnippet
  api=4 type=1 insize=5218 outsize=2940 kw=DIRECTIONAL SHADOWS_OFF LIGHTMAP_OFF DIRLIGHTMAP_OFF ok=1
Cmd: compileSnippet
  api=4 type=0 insize=2724 outsize=3720 kw=POINT ok=1
Cmd: compileSnippet
  api=4 type=1 insize=2724 outsize=2948 kw=POINT ok=1
Cmd: compileSnippet
  api=4 type=0 insize=2566 outsize=2915 kw= ok=1
Cmd: compileSnippet
  api=4 type=1 insize=2566 outsize=1550 kw= ok=1
Cmd: compileSnippet
  api=4 type=0 insize=4723 outsize=3135 kw=LIGHTMAP_OFF DIRLIGHTMAP_OFF HDR_LIGHT_PREPASS_OFF ok=1
Cmd: compileSnippet
  api=4 type=1 insize=4723 outsize=1745 kw=LIGHTMAP_OFF DIRLIGHTMAP_OFF HDR_LIGHT_PREPASS_OFF ok=1
Cmd: preprocess
  insize=1216 outsize=1503 ok=1
Cmd: compileSnippet
  api=4 type=0 insize=5157 outsize=4232 kw=DIRECTIONAL SHADOWS_OFF LIGHTMAP_OFF DIRLIGHTMAP_OFF ok=1
Cmd: compileSnippet
  api=4 type=1 insize=5157 outsize=2802 kw=DIRECTIONAL SHADOWS_OFF LIGHTMAP_OFF DIRLIGHTMAP_OFF ok=1
Cmd: compileSnippet
  api=4 type=0 insize=2885 outsize=3720 kw=POINT ok=1
Cmd: compileSnippet
  api=4 type=1 insize=2885 outsize=2720 kw=POINT ok=1
Cmd: compileSnippet
  api=4 type=0 insize=2846 outsize=3598 kw= ok=1
Cmd: compileSnippet
  api=4 type=1 insize=2846 outsize=2257 kw= ok=1
Cmd: compileSnippet
  api=4 type=0 insize=4805 outsize=4004 kw=LIGHTMAP_OFF DIRLIGHTMAP_OFF HDR_LIGHT_PREPASS_OFF ok=1
Cmd: compileSnippet
  api=4 type=1 insize=4805 outsize=2314 kw=LIGHTMAP_OFF DIRLIGHTMAP_OFF HDR_LIGHT_PREPASS_OFF ok=1
Cmd: preprocess
  insize=2920 outsize=2375 ok=1
Cmd: compileSnippet
  api=4 type=0 insize=528 outsize=1233 kw=SHADOWS_DEPTH ok=1
Cmd: compileSnippet
  api=4 type=1 insize=528 outsize=437 kw=SHADOWS_DEPTH ok=1
Cmd: preprocess
  error: 1 plat 15 at (38): Compiling shaders to OpenGL ES 2.0, Xbox 360, PS3, Flash or DX11 requires both vertex and fragment programs
  insize=2125 outsize=1303 ok=1
Cmd: preprocess
  insize=1950 outsize=1950 ok=1
Cmd: preprocess
  insize=1190 outsize=486 ok=1
Cmd: compileSnippet
  api=4 type=0 insize=969 outsize=1298 kw= ok=1
Cmd: compileSnippet
  api=4 type=1 insize=969 outsize=795 kw= ok=1
Cmd: preprocess
  insize=856 outsize=856 ok=1
Cmd: compileSnippet
  api=4 type=0 insize=826 outsize=3476 kw=SHADOWS_SPLIT_SPHERES SHADOWS_NATIVE ok=1
Cmd: compileSnippet
  api=4 type=1 insize=826 outsize=3452 kw=SHADOWS_SPLIT_SPHERES SHADOWS_NATIVE ok=1
Cmd: compileSnippet
  api=4 type=0 insize=614 outsize=3127 kw=SHADOWS_SPLIT_SPHERES SHADOWS_NATIVE ok=1
Cmd: compileSnippet
  api=4 type=1 insize=614 outsize=3037 kw=SHADOWS_SPLIT_SPHERES SHADOWS_NATIVE ok=1
Cmd: compileSnippet
  api=4 type=0 insize=4980 outsize=5792 kw=DIRECTIONAL LIGHTMAP_OFF DIRLIGHTMAP_OFF VERTEXLIGHT_ON ok=1
Cmd: compileSnippet
  api=4 type=0 insize=2648 outsize=2940 kw=DIRECTIONAL ok=1
Cmd: compileSnippet
  api=4 type=1 insize=2648 outsize=2501 kw=DIRECTIONAL ok=1
Cmd: preprocess
  insize=927 outsize=1157 ok=1
Cmd: compileSnippet
  api=4 type=0 insize=4972 outsize=4069 kw=DIRECTIONAL LIGHTMAP_OFF DIRLIGHTMAP_OFF ok=1
Cmd: compileSnippet
  api=4 type=1 insize=4972 outsize=2631 kw=DIRECTIONAL LIGHTMAP_OFF DIRLIGHTMAP_OFF ok=1
Cmd: compileSnippet
  api=4 type=0 insize=2640 outsize=3720 kw=POINT ok=1
Cmd: compileSnippet
  api=4 type=1 insize=2640 outsize=2956 kw=POINT ok=1
Cmd: compileSnippet
  api=4 type=0 insize=4972 outsize=5792 kw=DIRECTIONAL LIGHTMAP_OFF DIRLIGHTMAP_OFF VERTEXLIGHT_ON ok=1
Cmd: compileSnippet
  api=4 type=0 insize=2640 outsize=2940 kw=DIRECTIONAL ok=1
Cmd: compileSnippet
  api=4 type=1 insize=2640 outsize=2485 kw=DIRECTIONAL ok=1
Cmd: preprocess
  insize=927 outsize=1157 ok=1
Cmd: preprocess
  insize=926 outsize=1156 ok=1
Cmd: compileSnippet
  api=4 type=0 insize=4971 outsize=4069 kw=DIRECTIONAL LIGHTMAP_OFF DIRLIGHTMAP_OFF ok=1
Cmd: compileSnippet
  api=4 type=1 insize=4971 outsize=2631 kw=DIRECTIONAL LIGHTMAP_OFF DIRLIGHTMAP_OFF ok=1
Cmd: compileSnippet
  api=4 type=0 insize=2639 outsize=3720 kw=POINT ok=1
Cmd: compileSnippet
  api=4 type=1 insize=2639 outsize=2956 kw=POINT ok=1
Cmd: compileSnippet
  api=4 type=0 insize=4971 outsize=5792 kw=DIRECTIONAL LIGHTMAP_OFF DIRLIGHTMAP_OFF VERTEXLIGHT_ON ok=1
Cmd: compileSnippet
  api=4 type=0 insize=2639 outsize=2940 kw=DIRECTIONAL ok=1
Cmd: compileSnippet
  api=4 type=1 insize=2639 outsize=2485 kw=DIRECTIONAL ok=1
Cmd: preprocess
  insize=930 outsize=1156 ok=1
Cmd: compileSnippet
  api=4 type=0 insize=4975 outsize=4069 kw=DIRECTIONAL LIGHTMAP_OFF DIRLIGHTMAP_OFF ok=1
Cmd: compileSnippet
  api=4 type=1 insize=4975 outsize=2655 kw=DIRECTIONAL LIGHTMAP_OFF DIRLIGHTMAP_OFF ok=1
Cmd: compileSnippet
  api=4 type=0 insize=2643 outsize=3720 kw=POINT ok=1
Cmd: compileSnippet
  api=4 type=1 insize=2643 outsize=2980 kw=POINT ok=1
Cmd: compileSnippet
  api=4 type=0 insize=4975 outsize=5792 kw=DIRECTIONAL LIGHTMAP_OFF DIRLIGHTMAP_OFF VERTEXLIGHT_ON ok=1
Cmd: compileSnippet
  api=4 type=0 insize=2643 outsize=2940 kw=DIRECTIONAL ok=1
Cmd: compileSnippet
  api=4 type=1 insize=2643 outsize=2509 kw=DIRECTIONAL ok=1
Cmd: preprocess
  insize=922 outsize=1156 ok=1
Cmd: compileSnippet
  api=4 type=0 insize=4967 outsize=4069 kw=DIRECTIONAL LIGHTMAP_OFF DIRLIGHTMAP_OFF ok=1
Cmd: compileSnippet
  api=4 type=1 insize=4967 outsize=2623 kw=DIRECTIONAL LIGHTMAP_OFF DIRLIGHTMAP_OFF ok=1
Cmd: compileSnippet
  api=4 type=0 insize=2635 outsize=3720 kw=POINT ok=1
Cmd: compileSnippet
  api=4 type=1 insize=2635 outsize=2948 kw=POINT ok=1
Cmd: compileSnippet
  api=4 type=0 insize=4967 outsize=5792 kw=DIRECTIONAL LIGHTMAP_OFF DIRLIGHTMAP_OFF VERTEXLIGHT_ON ok=1
Cmd: compileSnippet
  api=4 type=0 insize=2635 outsize=2940 kw=DIRECTIONAL ok=1
Cmd: compileSnippet
  api=4 type=1 insize=2635 outsize=2477 kw=DIRECTIONAL ok=1
Cmd: preprocess
  insize=924 outsize=1156 ok=1
Cmd: compileSnippet
  api=4 type=0 insize=4969 outsize=4069 kw=DIRECTIONAL LIGHTMAP_OFF DIRLIGHTMAP_OFF ok=1
Cmd: compileSnippet
  api=4 type=1 insize=4969 outsize=2623 kw=DIRECTIONAL LIGHTMAP_OFF DIRLIGHTMAP_OFF ok=1
Cmd: compileSnippet
  api=4 type=0 insize=2637 outsize=3720 kw=POINT ok=1
Cmd: compileSnippet
  api=4 type=1 insize=2637 outsize=2948 kw=POINT ok=1
Cmd: compileSnippet
  api=4 type=0 insize=4969 outsize=5792 kw=DIRECTIONAL LIGHTMAP_OFF DIRLIGHTMAP_OFF VERTEXLIGHT_ON ok=1
Cmd: compileSnippet
  api=4 type=0 insize=2637 outsize=2940 kw=DIRECTIONAL ok=1
Cmd: compileSnippet
  api=4 type=1 insize=2637 outsize=2477 kw=DIRECTIONAL ok=1
Cmd: compileSnippet
  api=4 type=0 insize=2786 outsize=2940 kw=DIRECTIONAL ok=1
Cmd: compileSnippet
  api=4 type=1 insize=2786 outsize=2655 kw=DIRECTIONAL ok=1
Cmd: compileSnippet
  api=4 type=0 insize=5113 outsize=6149 kw=DIRECTIONAL SHADOWS_SCREEN LIGHTMAP_OFF DIRLIGHTMAP_OFF VERTEXLIGHT_ON ok=1
Cmd: compileSnippet
  api=4 type=1 insize=5113 outsize=3118 kw=DIRECTIONAL SHADOWS_SCREEN LIGHTMAP_OFF DIRLIGHTMAP_OFF ok=1
Cmd: compileSnippet
  api=4 type=0 insize=5113 outsize=5792 kw=DIRECTIONAL SHADOWS_OFF LIGHTMAP_OFF DIRLIGHTMAP_OFF VERTEXLIGHT_ON ok=1
